ERROR:root:L\u1ed7i x\u1eed lý https://luatvietnam.vn/doanh-nghiep/luat-doanh-nghiep-1999-9485-d1.html: [Errno 13] Permission denied: '../BTTH3/data/raw/html/13-1999-QH10.html'
ERROR:root:L\u1ed7i x\u1eed lý https://luatvietnam.vn/nong-nghiep/luat-chan-nuoi-2018-169344-d1.html: [Errno 13] Permission denied: '../BTTH3/data/raw/html/32-2018-QH14.html'
ERROR:root:L\u1ed7i x\u1eed lý https://luatvietnam.vn/dau-tu/luat-sua-doi-bo-sung-cac-luat-lien-quan-den-dau-tu-xay-dung-co-ban-nam-2009-43413-d1.html: [Errno 13] Permission denied: '../BTTH3/data/raw/html/38-2009-QH12.html'
ERROR:root:L\u1ed7i x\u1eed lý https://luatvietnam.vn/co-cau-to-chuc/luat-to-chuc-co-quan-dieu-tra-hinh-su-2015-101325-d1.html: [Errno 13] Permission denied: '../BTTH3/data/raw/html/99-2015-QH13.html'
ERROR:root:L\u1ed7i x\u1eed lý https://luatvietnam.vn/an-ninh-trat-tu/luat-phong-chay-va-chua-chay-nam-2001-12031-d1.html: [Errno 13] Permission denied: '../BTTH3/data/raw/html/27-2001-QH10.html'
ERROR:root:L\u1ed7i x\u1eed lý https://luatvietnam.vn/tai-nguyen/luat-phong-chong-thien-tai-2013-79379-d1.html: [Errno 13] Permission denied: '../BTTH3/data/raw/html/33-2013-QH13.html'
ERROR:root:L\u1ed7i x\u1eed lý https://luatvietnam.vn/doanh-nghiep/luat-35-l-ctn-quoc-hoi-2815-d1.html: [Errno 13] Permission denied: '../BTTH3/data/raw/html/35-L-CTN.html'
ERROR:root:L\u1ed7i x\u1eed lý https://luatvietnam.vn/bao-hiem/luat-kinh-doanh-bao-hiem-2022-moi-nhat-dang-ap-dung-224108-d1.html: [Errno 13] Permission denied: '../BTTH3/data/raw/html/08-2022-QH15.html'
ERROR:root:L\u1ed7i x\u1eed lý https://luatvietnam.vn/y-te/luat-phong-chong-nhiem-vi-rut-gay-ra-hoi-chung-suy-giam-mien-dich-mac-phai-o-nguoi-sua-doi-195562-d1.html: [Errno 13] Permission denied: '../BTTH3/data/raw/html/71-2020-QH14.html'
ERROR:root:L\u1ed7i x\u1eed lý https://luatvietnam.vn/thong-tin/luat-tan-so-vo-tuyen-dien-2009-48486-d1.html: [Errno 13] Permission denied: '../BTTH3/data/raw/html/42-2009-QH12.html'
ERROR:root:L\u1ed7i x\u1eed lý https://luatvietnam.vn/thue/luat-09-2003-qh11-quoc-hoi-15153-d1.html: [Errno 13] Permission denied: '../BTTH3/data/raw/html/09-2003-QH11.html'
ERROR:root:L\u1ed7i x\u1eed lý https://luatvietnam.vn/hang-hai/luat-42-lct-hdnn8-quoc-hoi-2006-d1.html: [Errno 13] Permission denied: '../BTTH3/data/raw/html/42-LCT-H\u0110NN8.html'
ERROR:root:L\u1ed7i x\u1eed lý https://luatvietnam.vn/hanh-chinh/luat-31-2004-qh11-quoc-hoi-16764-d1.html: [Errno 13] Permission denied: '../BTTH3/data/raw/html/31-2004-QH11.html'
ERROR:root:L\u1ed7i x\u1eed lý https://luatvietnam.vn/y-te/luat-sua-doi-bo-sung-mot-so-dieu-cua-luat-duoc-cua-quoc-hoi-so-44-2024-qh15-379066-d1.html: [Errno 13] Permission denied: '../BTTH3/data/raw/html/44-2024-QH15.html'
ERROR:root:L\u1ed7i x\u1eed lý https://luatvietnam.vn/linh-vuc-khac/luat-nuoi-con-nuoi-2010-53463-d1.html: [Errno 13] Permission denied: '../BTTH3/data/raw/html/52-2010-QH12.html'
ERROR:root:L\u1ed7i x\u1eed lý https://luatvietnam.vn/thue/luat-thue-tieu-thu-dac-biet-2008-39055-d1.html: [Errno 13] Permission denied: '../BTTH3/data/raw/html/27-2008-QH12.html'
ERROR:root:L\u1ed7i x\u1eed lý https://luatvietnam.vn/doanh-nghiep/luat-pha-san-2014-87929-d1.html: [Errno 13] Permission denied: '../BTTH3/data/raw/html/51-2014-QH13.html'
ERROR:root:L\u1ed7i x\u1eed lý https://luatvietnam.vn/khieu-nai/luat-to-cao-nam-2018-164912-d1.html: [Errno 13] Permission denied: '../BTTH3/data/raw/html/25-2018-QH14.html'
ERROR:root:L\u1ed7i x\u1eed lý https://luatvietnam.vn/hanh-chinh/luat-ban-hanh-van-ban-quy-pham-phap-luat-2015-96364-d1.html: [Errno 13] Permission denied: '../BTTH3/data/raw/html/80-2015-QH13.html'
ERROR:root:L\u1ed7i x\u1eed lý https://luatvietnam.vn/tai-chinh/luat-gia-moi-nhat-so-16-2023-qh15-259728-d1.html: [Errno 13] Permission denied: '../BTTH3/data/raw/html/16-2023-QH15.html'
ERROR:root:L\u1ed7i x\u1eed lý https://luatvietnam.vn/hanh-chinh/luat-11-2003-qh11-quoc-hoi-15796-d1.html: [Errno 13] Permission denied: '../BTTH3/data/raw/html/11-2003-QH11.html'
ERROR:root:L\u1ed7i x\u1eed lý https://luatvietnam.vn/giao-duc/luat-thu-vien-2019-luat-thu-vien-moi-nhat-so-46-2019-qh14-179058-d1.html: [Errno 13] Permission denied: '../BTTH3/data/raw/html/46-2019-QH14.html'
ERROR:root:L\u1ed7i x\u1eed lý https://luatvietnam.vn/linh-vuc-khac/luat-lao-dong-o-nuoc-ngoai-2006-29202-d1.html: [Errno 13] Permission denied: '../BTTH3/data/raw/html/72-2006-QH11.html'
ERROR:root:L\u1ed7i x\u1eed lý https://luatvietnam.vn/linh-vuc-khac/luat-20-lct-hdnn8-quoc-hoi-1807-d1.html: [Errno 13] Permission denied: '../BTTH3/data/raw/html/20-LCT-H\u0110NN8.html'
ERROR:root:L\u1ed7i x\u1eed lý https://luatvietnam.vn/tai-chinh/luat-20-2004-qh11-quoc-hoi-16295-d1.html: [Errno 13] Permission denied: '../BTTH3/data/raw/html/20-2004-QH11.html'
ERROR:root:L\u1ed7i x\u1eed lý https://luatvietnam.vn/hai-quan/luat-29-2001-qh10-quoc-hoi-12032-d1.html: [Errno 13] Permission denied: '../BTTH3/data/raw/html/29-2001-QH10.html'
ERROR:root:L\u1ed7i x\u1eed lý https://luatvietnam.vn/can-bo/luat-phong-chong-tham-nhung-2018-169348-d1.html: [Errno 13] Permission denied: '../BTTH3/data/raw/html/36-2018-QH14.html'
ERROR:root:L\u1ed7i x\u1eed lý https://luatvietnam.vn/giao-duc/luat-11-1998-qh10-quoc-hoi-8967-d1.html: [Errno 13] Permission denied: '../BTTH3/data/raw/html/11-1998-QH10.html'
ERROR:root:L\u1ed7i x\u1eed lý https://luatvietnam.vn/linh-vuc-khac/luat-33-2002-qh10-quoc-hoi-13357-d1.html: [Errno 13] Permission denied: '../BTTH3/data/raw/html/33-2002-QH10.html'
ERROR:root:L\u1ed7i x\u1eed lý https://luatvietnam.vn/ngoai-giao/luat-dieu-uoc-quoc-te-2016-104852-d1.html: [Errno 13] Permission denied: '../BTTH3/data/raw/html/108-2016-QH13.html'
ERROR:root:L\u1ed7i x\u1eed lý https://luatvietnam.vn/xay-dung/luat-quy-hoach-2017-118858-d1.html: [Errno 13] Permission denied: '../BTTH3/data/raw/html/21-2017-QH14.html'
ERROR:root:L\u1ed7i x\u1eed lý https://luatvietnam.vn/quoc-phong/luat-sua-doi-si-quan-91374-d1.html: [Errno 13] Permission denied: '../BTTH3/data/raw/html/72-2014-QH13.html'
ERROR:root:L\u1ed7i x\u1eed lý https://luatvietnam.vn/y-te/luat-an-toan-thuc-pham-2010-53460-d1.html: [Errno 13] Permission denied: '../BTTH3/data/raw/html/55-2010-QH12.html'
ERROR:root:L\u1ed7i x\u1eed lý https://luatvietnam.vn/chinh-sach/luat-sua-doi-phong-chong-tham-nhung-2007-32625-d1.html: [Errno 13] Permission denied: '../BTTH3/data/raw/html/01-2007-QH12.html'
ERROR:root:L\u1ed7i x\u1eed lý https://luatvietnam.vn/thong-tin/luat-sua-doi-bo-sung-mot-so-dieu-cua-luat-tan-so-vo-tuyen-dien-so-09-2022-qh15-238304-d1.html: [Errno 13] Permission denied: '../BTTH3/data/raw/html/09-2022-QH15.html'
ERROR:root:L\u1ed7i x\u1eed lý https://luatvietnam.vn/khieu-nai/luat-khieu-nai-2011-so-02-2011-qh13-moi-nhat-66489-d1.html: [Errno 13] Permission denied: '../BTTH3/data/raw/html/02-2011-QH13.html'
ERROR:root:Không có law_id: https://luatvietnam.vn/vi-pham-hanh-chinh/luat-sua-doi-bo-sung-mot-so-dieu-cua-luat-xu-ly-vi-pham-hanh-chinh-lan-1-172519-d10.html
ERROR:root:L\u1ed7i x\u1eed lý https://luatvietnam.vn/co-cau-to-chuc/luat-35-l-ctn-quoc-hoi-2813-d1.html: [Errno 13] Permission denied: '../BTTH3/data/raw/html/35-L-CTN.html'
ERROR:root:L\u1ed7i x\u1eed lý https://luatvietnam.vn/quoc-phong/luat-35-l-ctn-quoc-hoi-2817-d1.html: [Errno 13] Permission denied: '../BTTH3/data/raw/html/35-L-CTN.html'
ERROR:root:Không có law_id: https://luatvietnam.vn/linh-vuc-khac/du-an-luat-sua-doi-luat-mat-tran-to-quoc-viet-nam-luat-cong-doan-397642-d10.html
ERROR:root:Không có law_id: https://luatvietnam.vn/hoa-chat/de-cuong-luat-sua-doi-bo-sung-luat-hoa-chat-293979-d10.html
ERROR:root:L\u1ed7i x\u1eed lý https://luatvietnam.vn/dat-dai/luat-35-l-ctn-quoc-hoi-2818-d1.html: [Errno 13] Permission denied: '../BTTH3/data/raw/html/35-L-CTN.html'
ERROR:root:L\u1ed7i x\u1eed lý https://luatvietnam.vn/lao-dong/luat-35-l-ctn-quoc-hoi-2812-d1.html: [Errno 13] Permission denied: '../BTTH3/data/raw/html/35-L-CTN.html'
ERROR:root:L\u1ed7i x\u1eed lý https://luatvietnam.vn/doanh-nghiep/luat-35-l-ctn-quoc-hoi-2816-d1.html: [Errno 13] Permission denied: '../BTTH3/data/raw/html/35-L-CTN.html'
ERROR:root:L\u1ed7i x\u1eed lý https://luatvietnam.vn/hanh-chinh/luat-35-l-ctn-quoc-hoi-2819-d1.html: [Errno 13] Permission denied: '../BTTH3/data/raw/html/35-L-CTN.html'
ERROR:root:L\u1ed7i x\u1eed lý https://luatvietnam.vn/co-cau-to-chuc/luat-bau-cu-dai-bieu-quoc-hoi-nam-1997-4650-d1.html: Invalid control character at: line 8 column 225 (char 477)
ERROR:root:Không có law_id: https://luatvietnam.vn/giao-duc/ho-so-de-nghi-xay-dung-luat-nha-giao-231809-d10.html
ERROR:root:L\u1ed7i x\u1eed lý https://luatvietnam.vn/dau-tu/luat-35-l-ctn-quoc-hoi-2814-d1.html: [Errno 13] Permission denied: '../BTTH3/data/raw/html/35-L-CTN.html'
ERROR:root:Không có law_id: https://luatvietnam.vn/vi-pham-hanh-chinh/luat-sua-doi-bo-sung-mot-so-dieu-cua-luat-xu-ly-vi-pham-hanh-chinh-lan-1-172519-d10.html
ERROR:root:Không có law_id: https://luatvietnam.vn/linh-vuc-khac/du-an-luat-sua-doi-luat-mat-tran-to-quoc-viet-nam-luat-cong-doan-397642-d10.html
ERROR:root:Không có law_id: https://luatvietnam.vn/hoa-chat/de-cuong-luat-sua-doi-bo-sung-luat-hoa-chat-293979-d10.html
ERROR:root:L\u1ed7i x\u1eed lý https://luatvietnam.vn/co-cau-to-chuc/luat-bau-cu-dai-bieu-quoc-hoi-nam-1997-4650-d1.html: Invalid control character at: line 8 column 225 (char 477)
ERROR:root:Không có law_id: https://luatvietnam.vn/vi-pham-hanh-chinh/luat-sua-doi-bo-sung-mot-so-dieu-cua-luat-xu-ly-vi-pham-hanh-chinh-lan-1-172519-d10.html
ERROR:root:Không có law_id: https://luatvietnam.vn/vi-pham-hanh-chinh/luat-sua-doi-bo-sung-mot-so-dieu-cua-luat-xu-ly-vi-pham-hanh-chinh-lan-1-172519-d10.html
ERROR:root:Không có law_id: https://luatvietnam.vn/vi-pham-hanh-chinh/luat-sua-doi-bo-sung-mot-so-dieu-cua-luat-xu-ly-vi-pham-hanh-chinh-lan-1-172519-d10.html
ERROR:root:Không có law_id: https://luatvietnam.vn/linh-vuc-khac/du-an-luat-sua-doi-luat-mat-tran-to-quoc-viet-nam-luat-cong-doan-397642-d10.html
ERROR:root:Không có law_id: https://luatvietnam.vn/vi-pham-hanh-chinh/luat-sua-doi-bo-sung-mot-so-dieu-cua-luat-xu-ly-vi-pham-hanh-chinh-lan-1-172519-d10.html
ERROR:root:Không có law_id: https://luatvietnam.vn/linh-vuc-khac/du-an-luat-sua-doi-luat-mat-tran-to-quoc-viet-nam-luat-cong-doan-397642-d10.html
ERROR:root:Không có law_id: https://luatvietnam.vn/hoa-chat/de-cuong-luat-sua-doi-bo-sung-luat-hoa-chat-293979-d10.html
ERROR:root:Không có law_id: https://luatvietnam.vn/vi-pham-hanh-chinh/luat-sua-doi-bo-sung-mot-so-dieu-cua-luat-xu-ly-vi-pham-hanh-chinh-lan-1-172519-d10.html
ERROR:root:Không có law_id: https://luatvietnam.vn/linh-vuc-khac/du-an-luat-sua-doi-luat-mat-tran-to-quoc-viet-nam-luat-cong-doan-397642-d10.html
ERROR:root:Không có law_id: https://luatvietnam.vn/hoa-chat/de-cuong-luat-sua-doi-bo-sung-luat-hoa-chat-293979-d10.html
ERROR:root:L\u1ed7i x\u1eed lý https://luatvietnam.vn/co-cau-to-chuc/luat-bau-cu-dai-bieu-quoc-hoi-nam-1997-4650-d1.html: Invalid control character at: line 8 column 225 (char 477)
ERROR:root:L\u1ed7i x\u1eed lý https://luatvietnam.vn/dat-dai/luat-10-1998-qh10-quoc-hoi-8965-d1.html: ('Connection aborted.', ConnectionResetError(10054, 'An existing connection was forcibly closed by the remote host', None, 10054, None))
ERROR:root:Không có law_id: https://luatvietnam.vn/giao-duc/ho-so-de-nghi-xay-dung-luat-nha-giao-231809-d10.html
